<?xml version="1.0" encoding="UTF-8"?>
<testng-results ignored="0" total="1" passed="1" failed="0" skipped="0">
  <reporter-output>
  </reporter-output>
  <suite started-at="2023-09-16T13:39:38 IST" name="Default suite" finished-at="2023-09-16T13:40:08 IST" duration-ms="30626">
    <groups>
    </groups>
    <test started-at="2023-09-16T13:39:38 IST" name="Default test" finished-at="2023-09-16T13:40:08 IST" duration-ms="30626">
      <class name="com.java.project.Objects.GoogleSearch">
        <test-method is-config="true" signature="beforeTest()[pri:0, instance:com.java.project.Objects.GoogleSearch@128d2484]" started-at="2023-09-16T13:39:38 IST" name="beforeTest" finished-at="2023-09-16T13:40:04 IST" duration-ms="26000" status="PASS">
          <reporter-output>
          </reporter-output>
        </test-method> <!-- beforeTest -->
        <test-method signature="Open()[pri:0, instance:com.java.project.Objects.GoogleSearch@128d2484]" started-at="2023-09-16T13:40:04 IST" name="Open" finished-at="2023-09-16T13:40:08 IST" duration-ms="4448" status="PASS">
          <reporter-output>
          </reporter-output>
        </test-method> <!-- Open -->
        <test-method is-config="true" signature="afterTest()[pri:0, instance:com.java.project.Objects.GoogleSearch@128d2484]" started-at="2023-09-16T13:40:08 IST" name="afterTest" finished-at="2023-09-16T13:40:08 IST" duration-ms="7" status="PASS">
          <reporter-output>
          </reporter-output>
        </test-method> <!-- afterTest -->
      </class> <!-- com.java.project.Objects.GoogleSearch -->
    </test> <!-- Default test -->
  </suite> <!-- Default suite -->
</testng-results>
