<?xml version="1.0" encoding="UTF-8"?>
<testng-results ignored="0" total="1" passed="1" failed="0" skipped="0">
  <reporter-output>
  </reporter-output>
  <suite started-at="2023-08-13T17:45:46 IST" name="Default suite" finished-at="2023-08-13T17:46:10 IST" duration-ms="24662">
    <groups>
    </groups>
    <test started-at="2023-08-13T17:45:46 IST" name="Default test" finished-at="2023-08-13T17:46:10 IST" duration-ms="24662">
      <class name="testng.FindTheTooltipsOfGoogle">
        <test-method is-config="true" signature="beforetest()[pri:0, instance:testng.FindTheTooltipsOfGoogle@72a7c7e0]" started-at="2023-08-13T17:45:46 IST" name="beforetest" finished-at="2023-08-13T17:46:10 IST" duration-ms="24478" status="PASS">
          <reporter-output>
          </reporter-output>
        </test-method> <!-- beforetest -->
        <test-method signature="f()[pri:0, instance:testng.FindTheTooltipsOfGoogle@72a7c7e0]" started-at="2023-08-13T17:46:10 IST" name="f" finished-at="2023-08-13T17:46:10 IST" duration-ms="122" status="PASS">
          <reporter-output>
          </reporter-output>
        </test-method> <!-- f -->
      </class> <!-- testng.FindTheTooltipsOfGoogle -->
    </test> <!-- Default test -->
  </suite> <!-- Default suite -->
</testng-results>
