<?xml version="1.0" encoding="UTF-8"?>
<!-- Generated by org.testng.reporters.JUnitXMLReporter -->
<testsuite ignored="0" hostname="DESKTOP-RPNAHRE" failures="0" tests="7" name="Test" time="63.683" errors="0" timestamp="2023-08-04T15:28:16 IST">
  <testcase classname="testng.Demo" name="LoginDemo" time="3.899"/>
  <testcase classname="testng.Demo" name="logout" time="3.565"/>
  <testcase classname="testng.NewTest" name="A" time="0.014"/>
  <testcase classname="testng.NewTest" name="C" time="0.01"/>
  <testcase classname="testng.NewTest" name="f" time="0.057"/>
  <testcase classname="testng.Pratice" name="FillupTextboxes" time="6.917"/>
  <testcase classname="testng.Pratice" name="Open_new_window" time="10.901"/>
</testsuite> <!-- Test -->
