<?xml version="1.0" encoding="UTF-8"?>
<testng-results ignored="0" total="1" passed="1" failed="0" skipped="0">
  <reporter-output>
  </reporter-output>
  <suite started-at="2023-09-17T02:20:40 IST" name="Default suite" finished-at="2023-09-17T02:20:40 IST" duration-ms="240">
    <groups>
    </groups>
    <test started-at="2023-09-17T02:20:40 IST" name="Default test" finished-at="2023-09-17T02:20:40 IST" duration-ms="240">
      <class name="com.log4j2example.test.log4jExampleTest.TestLoggingLog4j">
        <test-method signature="f()[pri:0, instance:com.log4j2example.test.log4jExampleTest.TestLoggingLog4j@4ec4f3a0]" started-at="2023-09-17T02:20:40 IST" name="f" finished-at="2023-09-17T02:20:40 IST" duration-ms="61" status="PASS">
          <reporter-output>
          </reporter-output>
        </test-method> <!-- f -->
      </class> <!-- com.log4j2example.test.log4jExampleTest.TestLoggingLog4j -->
    </test> <!-- Default test -->
  </suite> <!-- Default suite -->
</testng-results>
